17:36 c.b.o.OrdersystemApplication-Starting OrdersystemApplication using Java 11.0.23 on Playdata with PID 8968 (C:\codes\ordersystem\ordersystem\build\classes\java\main started by Playdata1 in C:\codes\ordersystem\ordersystem)
17:36 c.b.o.OrdersystemApplication-The following 1 profile is active: "local"
17:36 o.s.d.r.c.RepositoryConfigurationDelegate-Multiple Spring Data modules found, entering strict repository configuration mode
17:36 o.s.d.r.c.RepositoryConfigurationDelegate-Bootstrapping Spring Data JPA repositories in DEFAULT mode.
17:36 o.s.d.r.c.RepositoryConfigurationDelegate-Finished Spring Data repository scanning in 6 ms. Found 0 JPA repository interfaces.
17:36 o.s.d.r.c.RepositoryConfigurationDelegate-Multiple Spring Data modules found, entering strict repository configuration mode
17:36 o.s.d.r.c.RepositoryConfigurationDelegate-Bootstrapping Spring Data Redis repositories in DEFAULT mode.
17:36 o.s.d.r.c.RepositoryConfigurationDelegate-Finished Spring Data repository scanning in 2 ms. Found 0 Redis repository interfaces.
17:36 o.s.b.w.e.tomcat.TomcatWebServer-Tomcat initialized with port(s): 8080 (http)
17:36 o.a.coyote.http11.Http11NioProtocol-Initializing ProtocolHandler ["http-nio-8080"]
17:36 o.a.catalina.core.StandardService-Starting service [Tomcat]
17:36 o.a.catalina.core.StandardEngine-Starting Servlet engine: [Apache Tomcat/9.0.74]
17:36 o.a.c.c.C.[Tomcat].[localhost].[/]-Initializing Spring embedded WebApplicationContext
17:36 o.s.b.w.s.c.ServletWebServerApplicationContext-Root WebApplicationContext: initialization completed in 1716 ms
17:36 o.h.jpa.internal.util.LogHelper-HHH000204: Processing PersistenceUnitInfo [name: default]
17:36 org.hibernate.Version-HHH000412: Hibernate ORM core version 5.6.15.Final
17:36 o.h.annotations.common.Version-HCANN000001: Hibernate Commons Annotations {5.1.2.Final}
17:36 com.zaxxer.hikari.HikariDataSource-HikariPool-1 - Starting...
17:36 com.zaxxer.hikari.HikariDataSource-HikariPool-1 - Start completed.
17:36 org.hibernate.dialect.Dialect-HHH000400: Using dialect: org.hibernate.dialect.MariaDBDialect
17:36 o.h.e.t.j.p.i.JtaPlatformInitiator-HHH000490: Using JtaPlatform implementation: [org.hibernate.engine.transaction.jta.platform.internal.NoJtaPlatform]
17:36 o.s.o.j.LocalContainerEntityManagerFactoryBean-Initialized JPA EntityManagerFactory for persistence unit 'default'
17:36 o.s.b.a.o.j.JpaBaseConfiguration$JpaWebConfiguration-spring.jpa.open-in-view is enabled by default. Therefore, database queries may be performed during view rendering. Explicitly configure spring.jpa.open-in-view to disable this warning
17:36 o.a.coyote.http11.Http11NioProtocol-Starting ProtocolHandler ["http-nio-8080"]
17:36 o.s.b.w.s.c.AnnotationConfigServletWebServerApplicationContext-Exception encountered during context initialization - cancelling refresh attempt: org.springframework.context.ApplicationContextException: Failed to start bean 'webServerStartStop'; nested exception is org.springframework.boot.web.server.PortInUseException: Port 8080 is already in use
17:36 o.s.o.j.LocalContainerEntityManagerFactoryBean-Closing JPA EntityManagerFactory for persistence unit 'default'
17:36 com.zaxxer.hikari.HikariDataSource-HikariPool-1 - Shutdown initiated...
17:36 com.zaxxer.hikari.HikariDataSource-HikariPool-1 - Shutdown completed.
17:36 o.a.coyote.http11.Http11NioProtocol-Pausing ProtocolHandler ["http-nio-8080"]
17:36 o.a.catalina.core.StandardService-Stopping service [Tomcat]
17:36 o.a.coyote.http11.Http11NioProtocol-Stopping ProtocolHandler ["http-nio-8080"]
17:36 o.a.coyote.http11.Http11NioProtocol-Destroying ProtocolHandler ["http-nio-8080"]
17:36 o.s.b.a.l.ConditionEvaluationReportLoggingListener-

Error starting ApplicationContext. To display the conditions report re-run your application with 'debug' enabled.
17:36 o.s.b.d.LoggingFailureAnalysisReporter-

***************************
APPLICATION FAILED TO START
***************************

Description:

Web server failed to start. Port 8080 was already in use.

Action:

Identify and stop the process that's listening on port 8080 or configure this application to listen on another port.

17:37 c.b.o.OrdersystemApplication-Starting OrdersystemApplication using Java 11.0.23 on Playdata with PID 4136 (C:\codes\ordersystem\ordersystem\build\classes\java\main started by Playdata1 in C:\codes\ordersystem\ordersystem)
17:37 c.b.o.OrdersystemApplication-The following 1 profile is active: "local"
17:37 o.s.d.r.c.RepositoryConfigurationDelegate-Multiple Spring Data modules found, entering strict repository configuration mode
17:37 o.s.d.r.c.RepositoryConfigurationDelegate-Bootstrapping Spring Data JPA repositories in DEFAULT mode.
17:37 o.s.d.r.c.RepositoryConfigurationDelegate-Finished Spring Data repository scanning in 7 ms. Found 0 JPA repository interfaces.
17:37 o.s.d.r.c.RepositoryConfigurationDelegate-Multiple Spring Data modules found, entering strict repository configuration mode
17:37 o.s.d.r.c.RepositoryConfigurationDelegate-Bootstrapping Spring Data Redis repositories in DEFAULT mode.
17:37 o.s.d.r.c.RepositoryConfigurationDelegate-Finished Spring Data repository scanning in 1 ms. Found 0 Redis repository interfaces.
17:37 o.s.b.w.e.tomcat.TomcatWebServer-Tomcat initialized with port(s): 8080 (http)
17:37 o.a.coyote.http11.Http11NioProtocol-Initializing ProtocolHandler ["http-nio-8080"]
17:37 o.a.catalina.core.StandardService-Starting service [Tomcat]
17:37 o.a.catalina.core.StandardEngine-Starting Servlet engine: [Apache Tomcat/9.0.74]
17:37 o.a.c.c.C.[Tomcat].[localhost].[/]-Initializing Spring embedded WebApplicationContext
17:37 o.s.b.w.s.c.ServletWebServerApplicationContext-Root WebApplicationContext: initialization completed in 1586 ms
17:37 o.h.jpa.internal.util.LogHelper-HHH000204: Processing PersistenceUnitInfo [name: default]
17:37 org.hibernate.Version-HHH000412: Hibernate ORM core version 5.6.15.Final
17:37 o.h.annotations.common.Version-HCANN000001: Hibernate Commons Annotations {5.1.2.Final}
17:37 com.zaxxer.hikari.HikariDataSource-HikariPool-1 - Starting...
17:37 com.zaxxer.hikari.HikariDataSource-HikariPool-1 - Start completed.
17:37 org.hibernate.dialect.Dialect-HHH000400: Using dialect: org.hibernate.dialect.MariaDBDialect
17:37 o.h.e.t.j.p.i.JtaPlatformInitiator-HHH000490: Using JtaPlatform implementation: [org.hibernate.engine.transaction.jta.platform.internal.NoJtaPlatform]
17:37 o.s.o.j.LocalContainerEntityManagerFactoryBean-Initialized JPA EntityManagerFactory for persistence unit 'default'
17:37 o.s.b.a.o.j.JpaBaseConfiguration$JpaWebConfiguration-spring.jpa.open-in-view is enabled by default. Therefore, database queries may be performed during view rendering. Explicitly configure spring.jpa.open-in-view to disable this warning
17:37 o.a.coyote.http11.Http11NioProtocol-Starting ProtocolHandler ["http-nio-8080"]
17:37 o.s.b.w.e.tomcat.TomcatWebServer-Tomcat started on port(s): 8080 (http) with context path ''
17:37 c.b.o.OrdersystemApplication-Started OrdersystemApplication in 3.953 seconds (JVM running for 4.341)
